TN:
SF:app.js
FN:26,(anonymous_0)
FN:32,(anonymous_1)
FN:39,(anonymous_2)
FN:42,(anonymous_3)
FN:57,(anonymous_4)
FN:67,(anonymous_5)
FN:71,(anonymous_6)
FN:75,(anonymous_7)
FN:77,(anonymous_8)
FN:87,(anonymous_9)
FN:95,(anonymous_10)
FN:101,(anonymous_11)
FN:109,(anonymous_12)
FN:117,(anonymous_13)
FN:127,(anonymous_14)
FN:131,(anonymous_15)
FN:141,(anonymous_16)
FN:145,(anonymous_17)
FN:154,(anonymous_18)
FN:159,(anonymous_19)
FN:168,(anonymous_20)
FN:181,(anonymous_21)
FN:198,(anonymous_22)
FN:208,(anonymous_23)
FN:216,(anonymous_24)
FN:227,(anonymous_25)
FN:234,(anonymous_26)
FN:244,(anonymous_27)
FN:266,(anonymous_28)
FN:274,(anonymous_29)
FN:275,(anonymous_30)
FN:284,(anonymous_31)
FN:285,(anonymous_32)
FN:291,(anonymous_33)
FN:300,(anonymous_34)
FN:310,(anonymous_35)
FN:315,(anonymous_36)
FN:323,(anonymous_37)
FN:333,(anonymous_38)
FN:336,(anonymous_39)
FN:349,(anonymous_40)
FN:357,(anonymous_41)
FN:367,(anonymous_42)
FN:377,(anonymous_43)
FN:391,(anonymous_44)
FN:400,(anonymous_45)
FN:418,(anonymous_46)
FN:424,(anonymous_47)
FNF:48
FNH:0
FNDA:0,(anonymous_0)
FNDA:0,(anonymous_1)
FNDA:0,(anonymous_2)
FNDA:0,(anonymous_3)
FNDA:0,(anonymous_4)
FNDA:0,(anonymous_5)
FNDA:0,(anonymous_6)
FNDA:0,(anonymous_7)
FNDA:0,(anonymous_8)
FNDA:0,(anonymous_9)
FNDA:0,(anonymous_10)
FNDA:0,(anonymous_11)
FNDA:0,(anonymous_12)
FNDA:0,(anonymous_13)
FNDA:0,(anonymous_14)
FNDA:0,(anonymous_15)
FNDA:0,(anonymous_16)
FNDA:0,(anonymous_17)
FNDA:0,(anonymous_18)
FNDA:0,(anonymous_19)
FNDA:0,(anonymous_20)
FNDA:0,(anonymous_21)
FNDA:0,(anonymous_22)
FNDA:0,(anonymous_23)
FNDA:0,(anonymous_24)
FNDA:0,(anonymous_25)
FNDA:0,(anonymous_26)
FNDA:0,(anonymous_27)
FNDA:0,(anonymous_28)
FNDA:0,(anonymous_29)
FNDA:0,(anonymous_30)
FNDA:0,(anonymous_31)
FNDA:0,(anonymous_32)
FNDA:0,(anonymous_33)
FNDA:0,(anonymous_34)
FNDA:0,(anonymous_35)
FNDA:0,(anonymous_36)
FNDA:0,(anonymous_37)
FNDA:0,(anonymous_38)
FNDA:0,(anonymous_39)
FNDA:0,(anonymous_40)
FNDA:0,(anonymous_41)
FNDA:0,(anonymous_42)
FNDA:0,(anonymous_43)
FNDA:0,(anonymous_44)
FNDA:0,(anonymous_45)
FNDA:0,(anonymous_46)
FNDA:0,(anonymous_47)
DA:1,1
DA:2,1
DA:3,1
DA:4,1
DA:5,1
DA:6,1
DA:7,1
DA:8,1
DA:11,1
DA:12,1
DA:13,1
DA:14,1
DA:15,1
DA:17,1
DA:26,1
DA:27,0
DA:28,0
DA:29,0
DA:32,1
DA:33,0
DA:34,0
DA:38,1
DA:40,0
DA:43,0
DA:47,1
DA:49,1
DA:57,1
DA:58,0
DA:59,0
DA:60,0
DA:62,0
DA:65,1
DA:67,1
DA:68,0
DA:71,1
DA:72,0
DA:75,1
DA:76,0
DA:77,0
DA:78,0
DA:79,0
DA:80,0
DA:82,0
DA:87,1
DA:88,0
DA:89,0
DA:95,0
DA:96,0
DA:97,0
DA:98,0
DA:100,0
DA:101,0
DA:102,0
DA:103,0
DA:104,0
DA:109,1
DA:110,0
DA:111,0
DA:112,0
DA:117,0
DA:118,0
DA:119,0
DA:120,0
DA:122,0
DA:127,1
DA:128,0
DA:129,0
DA:130,0
DA:131,0
DA:132,0
DA:133,0
DA:134,0
DA:136,0
DA:141,1
DA:142,0
DA:143,0
DA:144,0
DA:145,0
DA:146,0
DA:147,0
DA:148,0
DA:150,0
DA:154,1
DA:155,0
DA:159,1
DA:160,0
DA:161,0
DA:163,0
DA:164,0
DA:167,0
DA:168,0
DA:169,0
DA:170,0
DA:171,0
DA:173,0
DA:174,0
DA:181,1
DA:182,0
DA:184,0
DA:185,0
DA:188,0
DA:189,0
DA:190,0
DA:191,0
DA:194,0
DA:198,1
DA:199,0
DA:203,1
DA:209,0
DA:210,0
DA:211,0
DA:214,0
DA:215,0
DA:216,0
DA:217,0
DA:218,0
DA:220,0
DA:221,0
DA:222,0
DA:227,1
DA:228,0
DA:234,1
DA:235,0
DA:238,0
DA:239,0
DA:240,0
DA:243,0
DA:244,0
DA:245,0
DA:247,0
DA:248,0
DA:249,0
DA:250,0
DA:253,0
DA:254,0
DA:256,0
DA:259,0
DA:260,0
DA:266,1
DA:267,0
DA:274,1
DA:275,0
DA:276,0
DA:277,0
DA:280,0
DA:284,1
DA:285,0
DA:286,0
DA:287,0
DA:291,1
DA:292,0
DA:294,0
DA:295,0
DA:297,0
DA:299,0
DA:300,0
DA:301,0
DA:302,0
DA:303,0
DA:305,0
DA:310,1
DA:311,0
DA:314,0
DA:315,0
DA:316,0
DA:317,0
DA:318,0
DA:322,0
DA:323,0
DA:324,0
DA:325,0
DA:326,0
DA:328,0
DA:333,1
DA:334,0
DA:335,0
DA:336,0
DA:337,0
DA:338,0
DA:339,0
DA:341,0
DA:342,0
DA:344,0
DA:349,1
DA:350,0
DA:351,0
DA:352,0
DA:353,0
DA:354,0
DA:356,0
DA:357,0
DA:358,0
DA:359,0
DA:360,0
DA:362,0
DA:367,1
DA:368,0
DA:370,0
DA:371,0
DA:374,0
DA:377,0
DA:378,0
DA:379,0
DA:380,0
DA:383,0
DA:384,0
DA:387,0
DA:391,1
DA:392,0
DA:394,0
DA:400,0
DA:401,0
DA:402,0
DA:403,0
DA:406,0
DA:407,0
DA:410,0
DA:418,1
DA:419,0
DA:420,0
DA:423,1
DA:424,1
DA:425,0
LF:223
LH:47
BRDA:58,0,0,0
BRDA:58,0,1,0
BRDA:78,1,0,0
BRDA:78,1,1,0
BRDA:96,2,0,0
BRDA:96,2,1,0
BRDA:118,3,0,0
BRDA:118,3,1,0
BRDA:132,4,0,0
BRDA:132,4,1,0
BRDA:146,5,0,0
BRDA:146,5,1,0
BRDA:163,6,0,0
BRDA:163,6,1,0
BRDA:163,7,0,0
BRDA:163,7,1,0
BRDA:163,7,2,0
BRDA:163,7,3,0
BRDA:163,7,4,0
BRDA:169,8,0,0
BRDA:169,8,1,0
BRDA:184,9,0,0
BRDA:184,9,1,0
BRDA:184,10,0,0
BRDA:184,10,1,0
BRDA:184,10,2,0
BRDA:188,11,0,0
BRDA:188,11,1,0
BRDA:210,12,0,0
BRDA:210,12,1,0
BRDA:217,13,0,0
BRDA:217,13,1,0
BRDA:238,14,0,0
BRDA:238,14,1,0
BRDA:238,15,0,0
BRDA:238,15,1,0
BRDA:245,16,0,0
BRDA:245,16,1,0
BRDA:247,17,0,0
BRDA:247,17,1,0
BRDA:253,18,0,0
BRDA:253,18,1,0
BRDA:276,19,0,0
BRDA:276,19,1,0
BRDA:286,20,0,0
BRDA:286,20,1,0
BRDA:294,21,0,0
BRDA:294,21,1,0
BRDA:301,22,0,0
BRDA:301,22,1,0
BRDA:316,23,0,0
BRDA:316,23,1,0
BRDA:324,24,0,0
BRDA:324,24,1,0
BRDA:337,25,0,0
BRDA:337,25,1,0
BRDA:341,26,0,0
BRDA:341,26,1,0
BRDA:353,27,0,0
BRDA:353,27,1,0
BRDA:358,28,0,0
BRDA:358,28,1,0
BRDA:370,29,0,0
BRDA:370,29,1,0
BRDA:378,30,0,0
BRDA:378,30,1,0
BRDA:383,31,0,0
BRDA:383,31,1,0
BRDA:401,32,0,0
BRDA:401,32,1,0
BRDA:406,33,0,0
BRDA:406,33,1,0
BRDA:423,34,0,1
BRDA:423,34,1,1
BRF:74
BRH:2
end_of_record
